<?xml version="1.0" encoding="UTF-8"?><testsuite errors="0" failures="0" name="com.bestbuy.crudtest.ProductsCrudTest" skipped="0" tests="4" time="2.36" timestamp="2023-06-03T23:03:55.222+01:00[Europe/London]"><testcase classname="com.bestbuy.crudtest.ProductsCrudTest" name="This will create new product"/><testcase classname="com.bestbuy.crudtest.ProductsCrudTest" name="Verify Product was added"/><testcase classname="com.bestbuy.crudtest.ProductsCrudTest" name="Verify Product was Updated"/><testcase classname="com.bestbuy.crudtest.ProductsCrudTest" name="Verify product was deleted"/></testsuite>